[17:56:45.971] Global cache location '/home/stanzu10/.cache/typescript/4.3', safe file path '/home/stanzu10/.nvm/versions/node/v14.16.1/lib/node_modules/typescript/lib/typingSafeList.json', types map path /home/stanzu10/.nvm/versions/node/v14.16.1/lib/node_modules/typescript/lib/typesMap.json
[17:56:45.972] Processing cache location '/home/stanzu10/.cache/typescript/4.3'
[17:56:45.972] Trying to find '/home/stanzu10/.cache/typescript/4.3/package.json'...
[17:56:45.972] Loaded content of '/home/stanzu10/.cache/typescript/4.3/package.json': {"private":true,"dependencies":{"types-registry":"^0.1.543"},"devDependencies":{"@types/bootstrap":"^5.0.15","@types/history":"^4.7.8","@types/hoist-non-react-statics":"^3.3.1","@types/react":"^17.0.8","@types/react-is":"^17.0.0","@types/react-router":"^5.1.14","@types/react-router-dom":"^5.1.7"}}
[17:56:45.972] Loaded content of '/home/stanzu10/.cache/typescript/4.3/package-lock.json'
[17:56:45.979] Adding entry into typings cache: 'bootstrap' => '/home/stanzu10/.cache/typescript/4.3/node_modules/@types/bootstrap/index.d.ts'
[17:56:45.981] Adding entry into typings cache: 'history' => '/home/stanzu10/.cache/typescript/4.3/node_modules/@types/history/index.d.ts'
[17:56:45.984] Adding entry into typings cache: 'hoist-non-react-statics' => '/home/stanzu10/.cache/typescript/4.3/node_modules/@types/hoist-non-react-statics/index.d.ts'
[17:56:45.987] Adding entry into typings cache: 'react' => '/home/stanzu10/.cache/typescript/4.3/node_modules/@types/react/index.d.ts'
[17:56:45.990] Adding entry into typings cache: 'react-is' => '/home/stanzu10/.cache/typescript/4.3/node_modules/@types/react-is/index.d.ts'
[17:56:45.994] Adding entry into typings cache: 'react-router' => '/home/stanzu10/.cache/typescript/4.3/node_modules/@types/react-router/index.d.ts'
[17:56:45.996] Adding entry into typings cache: 'react-router-dom' => '/home/stanzu10/.cache/typescript/4.3/node_modules/@types/react-router-dom/index.d.ts'
[17:56:45.996] Finished processing cache location '/home/stanzu10/.cache/typescript/4.3'
[17:56:45.996] Process id: 12389
[17:56:45.996] NPM location: /home/stanzu10/.nvm/versions/node/v14.16.1/bin/npm (explicit '--npmLocation' not  provided)
[17:56:45.996] validateDefaultNpmLocation: false
[17:56:45.996] Npm config file: /home/stanzu10/.cache/typescript/4.3/package.json
[17:56:45.996] Updating types-registry npm package...
[17:56:45.996] Exec: /home/stanzu10/.nvm/versions/node/v14.16.1/bin/npm install --ignore-scripts types-registry@latest
[17:56:47.188]     Succeeded. stdout:
    
    up to date, audited 17 packages in 1s

1 package is looking for funding
  run `npm fund` for details

found 0 vulnerabilities

[17:56:47.188] Updated types-registry npm package
[17:56:48.883] Got install request {"projectName":"/dev/null/inferredProject1*","fileNames":["/home/stanzu10/.nvm/versions/node/v14.16.1/lib/node_modules/typescript/lib/lib.es5.d.ts","/home/stanzu10/.nvm/versions/node/v14.16.1/lib/node_modules/typescript/lib/lib.es2015.d.ts","/home/stanzu10/.nvm/versions/node/v14.16.1/lib/node_modules/typescript/lib/lib.es2016.d.ts","/home/stanzu10/.nvm/versions/node/v14.16.1/lib/node_modules/typescript/lib/lib.dom.d.ts","/home/stanzu10/.nvm/versions/node/v14.16.1/lib/node_modules/typescript/lib/lib.dom.iterable.d.ts","/home/stanzu10/.nvm/versions/node/v14.16.1/lib/node_modules/typescript/lib/lib.webworker.importscripts.d.ts","/home/stanzu10/.nvm/versions/node/v14.16.1/lib/node_modules/typescript/lib/lib.scripthost.d.ts","/home/stanzu10/.nvm/versions/node/v14.16.1/lib/node_modules/typescript/lib/lib.es2015.core.d.ts","/home/stanzu10/.nvm/versions/node/v14.16.1/lib/node_modules/typescript/lib/lib.es2015.collection.d.ts","/home/stanzu10/.nvm/versions/node/v14.16.1/lib/node_modules/typescript/lib/lib.es2015.generator.d.ts","/home/stanzu10/.nvm/versions/node/v14.16.1/lib/node_modules/typescript/lib/lib.es2015.iterable.d.ts","/home/stanzu10/.nvm/versions/node/v14.16.1/lib/node_modules/typescript/lib/lib.es2015.promise.d.ts","/home/stanzu10/.nvm/versions/node/v14.16.1/lib/node_modules/typescript/lib/lib.es2015.proxy.d.ts","/home/stanzu10/.nvm/versions/node/v14.16.1/lib/node_modules/typescript/lib/lib.es2015.reflect.d.ts","/home/stanzu10/.nvm/versions/node/v14.16.1/lib/node_modules/typescript/lib/lib.es2015.symbol.d.ts","/home/stanzu10/.nvm/versions/node/v14.16.1/lib/node_modules/typescript/lib/lib.es2015.symbol.wellknown.d.ts","/home/stanzu10/.nvm/versions/node/v14.16.1/lib/node_modules/typescript/lib/lib.es2016.array.include.d.ts","/home/stanzu10/.nvm/versions/node/v14.16.1/lib/node_modules/typescript/lib/lib.es2016.full.d.ts","/home/stanzu10/Dev/git/record/API/client/src/hooks/useWindowDimensions/useWindowDimensions.js","/home/stanzu10/Dev/git/record/API/client/src/components/Header/NavbarLinks/LoggedInNavbar/LoggedInNavbar.js","/home/stanzu10/Dev/git/record/API/client/src/components/Header/NavbarLinks/LoggedOutNavbar/LoggedOutNavbar.js","/home/stanzu10/Dev/git/record/API/client/src/components/Header/NavbarLinks/NavbarLinks.js","/home/stanzu10/Dev/git/record/API/client/src/components/Header/DrawerModal/DrawerModal.js","/home/stanzu10/Dev/git/record/API/client/src/components/Header/DrawerMenu/DrawerMenu.js","/home/stanzu10/Dev/git/record/API/client/src/components/Header/Searchbar/Searchbar.js","/home/stanzu10/Dev/git/record/API/client/src/components/Header/Header.js"],"compilerOptions":{"module":1,"target":3,"jsx":1,"allowJs":true,"allowSyntheticDefaultImports":true,"allowNonTsExtensions":true,"noEmitForJsFiles":true,"maxNodeModuleJsDepth":2},"typeAcquisition":{"enable":true,"include":[],"exclude":[]},"unresolvedImports":[],"projectRootPath":"/home/stanzu10/Dev/git/record/API/client/src/components/Header","kind":"discover"}
[17:56:48.898] Loaded safelist from types map file '/home/stanzu10/.nvm/versions/node/v14.16.1/lib/node_modules/typescript/lib/typesMap.json'
[17:56:48.899] Explicitly included types: []
[17:56:48.899] Inferred typings from unresolved imports: []
[17:56:48.900] Result: {"cachedTypingPaths":[],"newTypingNames":[],"filesToWatch":["/home/stanzu10/Dev/git/record/API/client/src/hooks/useWindowDimensions/bower_components","/home/stanzu10/Dev/git/record/API/client/src/hooks/useWindowDimensions/node_modules","/home/stanzu10/Dev/git/record/API/client/src/components/Header/NavbarLinks/LoggedInNavbar/bower_components","/home/stanzu10/Dev/git/record/API/client/src/components/Header/NavbarLinks/LoggedInNavbar/node_modules","/home/stanzu10/Dev/git/record/API/client/src/components/Header/NavbarLinks/LoggedOutNavbar/bower_components","/home/stanzu10/Dev/git/record/API/client/src/components/Header/NavbarLinks/LoggedOutNavbar/node_modules","/home/stanzu10/Dev/git/record/API/client/src/components/Header/NavbarLinks/bower_components","/home/stanzu10/Dev/git/record/API/client/src/components/Header/NavbarLinks/node_modules","/home/stanzu10/Dev/git/record/API/client/src/components/Header/DrawerModal/bower_components","/home/stanzu10/Dev/git/record/API/client/src/components/Header/DrawerModal/node_modules","/home/stanzu10/Dev/git/record/API/client/src/components/Header/DrawerMenu/bower_components","/home/stanzu10/Dev/git/record/API/client/src/components/Header/DrawerMenu/node_modules","/home/stanzu10/Dev/git/record/API/client/src/components/Header/Searchbar/bower_components","/home/stanzu10/Dev/git/record/API/client/src/components/Header/Searchbar/node_modules","/home/stanzu10/Dev/git/record/API/client/src/components/Header/bower_components","/home/stanzu10/Dev/git/record/API/client/src/components/Header/node_modules"]}
[17:56:48.900] Finished typings discovery: {"cachedTypingPaths":[],"newTypingNames":[],"filesToWatch":["/home/stanzu10/Dev/git/record/API/client/src/hooks/useWindowDimensions/bower_components","/home/stanzu10/Dev/git/record/API/client/src/hooks/useWindowDimensions/node_modules","/home/stanzu10/Dev/git/record/API/client/src/components/Header/NavbarLinks/LoggedInNavbar/bower_components","/home/stanzu10/Dev/git/record/API/client/src/components/Header/NavbarLinks/LoggedInNavbar/node_modules","/home/stanzu10/Dev/git/record/API/client/src/components/Header/NavbarLinks/LoggedOutNavbar/bower_components","/home/stanzu10/Dev/git/record/API/client/src/components/Header/NavbarLinks/LoggedOutNavbar/node_modules","/home/stanzu10/Dev/git/record/API/client/src/components/Header/NavbarLinks/bower_components","/home/stanzu10/Dev/git/record/API/client/src/components/Header/NavbarLinks/node_modules","/home/stanzu10/Dev/git/record/API/client/src/components/Header/DrawerModal/bower_components","/home/stanzu10/Dev/git/record/API/client/src/components/Header/DrawerModal/node_modules","/home/stanzu10/Dev/git/record/API/client/src/components/Header/DrawerMenu/bower_components","/home/stanzu10/Dev/git/record/API/client/src/components/Header/DrawerMenu/node_modules","/home/stanzu10/Dev/git/record/API/client/src/components/Header/Searchbar/bower_components","/home/stanzu10/Dev/git/record/API/client/src/components/Header/Searchbar/node_modules","/home/stanzu10/Dev/git/record/API/client/src/components/Header/bower_components","/home/stanzu10/Dev/git/record/API/client/src/components/Header/node_modules"]}
[17:56:48.900] DirectoryWatcher:: Added:: WatchInfo: /home/stanzu10/Dev/git/record/API/client/src/hooks/useWindowDimensions/bower_components
[17:56:48.900] DirectoryWatcher:: Added:: WatchInfo: /home/stanzu10/Dev/git/record/API/client/src/hooks/useWindowDimensions/bower_components 1 undefined Project: /dev/null/inferredProject1* watcher already invoked: false
[17:56:48.901] Elapsed:: 1.2393490001559258ms DirectoryWatcher:: Added:: WatchInfo: /home/stanzu10/Dev/git/record/API/client/src/hooks/useWindowDimensions/bower_components 1 undefined Project: /dev/null/inferredProject1* watcher already invoked: false
[17:56:48.902] DirectoryWatcher:: Added:: WatchInfo: /home/stanzu10/Dev/git/record/API/client/src/hooks/useWindowDimensions/node_modules
[17:56:48.902] DirectoryWatcher:: Added:: WatchInfo: /home/stanzu10/Dev/git/record/API/client/src/hooks/useWindowDimensions/node_modules 1 undefined Project: /dev/null/inferredProject1* watcher already invoked: false
[17:56:48.902] Elapsed:: 0.16385599970817566ms DirectoryWatcher:: Added:: WatchInfo: /home/stanzu10/Dev/git/record/API/client/src/hooks/useWindowDimensions/node_modules 1 undefined Project: /dev/null/inferredProject1* watcher already invoked: false
[17:56:48.902] DirectoryWatcher:: Added:: WatchInfo: /home/stanzu10/Dev/git/record/API/client/src/components/Header/NavbarLinks
[17:56:48.902] DirectoryWatcher:: Added:: WatchInfo: /home/stanzu10/Dev/git/record/API/client/src/components/Header/NavbarLinks 1 undefined Project: /dev/null/inferredProject1* watcher already invoked: false
[17:56:48.903] Elapsed:: 0.9532909989356995ms DirectoryWatcher:: Added:: WatchInfo: /home/stanzu10/Dev/git/record/API/client/src/components/Header/NavbarLinks 1 undefined Project: /dev/null/inferredProject1* watcher already invoked: false
[17:56:48.903] DirectoryWatcher:: Added:: WatchInfo: /home/stanzu10/Dev/git/record/API/client/src/components/Header/DrawerModal
[17:56:48.903] DirectoryWatcher:: Added:: WatchInfo: /home/stanzu10/Dev/git/record/API/client/src/components/Header/DrawerModal 1 undefined Project: /dev/null/inferredProject1* watcher already invoked: false
[17:56:48.903] Elapsed:: 0.08949299901723862ms DirectoryWatcher:: Added:: WatchInfo: /home/stanzu10/Dev/git/record/API/client/src/components/Header/DrawerModal 1 undefined Project: /dev/null/inferredProject1* watcher already invoked: false
[17:56:48.903] DirectoryWatcher:: Added:: WatchInfo: /home/stanzu10/Dev/git/record/API/client/src/components/Header/DrawerMenu
[17:56:48.903] DirectoryWatcher:: Added:: WatchInfo: /home/stanzu10/Dev/git/record/API/client/src/components/Header/DrawerMenu 1 undefined Project: /dev/null/inferredProject1* watcher already invoked: false
[17:56:48.903] Elapsed:: 0.08574400097131729ms DirectoryWatcher:: Added:: WatchInfo: /home/stanzu10/Dev/git/record/API/client/src/components/Header/DrawerMenu 1 undefined Project: /dev/null/inferredProject1* watcher already invoked: false
[17:56:48.903] DirectoryWatcher:: Added:: WatchInfo: /home/stanzu10/Dev/git/record/API/client/src/components/Header/Searchbar
[17:56:48.903] DirectoryWatcher:: Added:: WatchInfo: /home/stanzu10/Dev/git/record/API/client/src/components/Header/Searchbar 1 undefined Project: /dev/null/inferredProject1* watcher already invoked: false
[17:56:48.904] Elapsed:: 0.0762690007686615ms DirectoryWatcher:: Added:: WatchInfo: /home/stanzu10/Dev/git/record/API/client/src/components/Header/Searchbar 1 undefined Project: /dev/null/inferredProject1* watcher already invoked: false
[17:56:48.904] DirectoryWatcher:: Added:: WatchInfo: /home/stanzu10/Dev/git/record/API/client/src/components/Header/bower_components
[17:56:48.904] DirectoryWatcher:: Added:: WatchInfo: /home/stanzu10/Dev/git/record/API/client/src/components/Header/bower_components 1 undefined Project: /dev/null/inferredProject1* watcher already invoked: false
[17:56:48.904] Elapsed:: 0.10417800024151802ms DirectoryWatcher:: Added:: WatchInfo: /home/stanzu10/Dev/git/record/API/client/src/components/Header/bower_components 1 undefined Project: /dev/null/inferredProject1* watcher already invoked: false
[17:56:48.904] DirectoryWatcher:: Added:: WatchInfo: /home/stanzu10/Dev/git/record/API/client/src/components/Header/node_modules
[17:56:48.904] DirectoryWatcher:: Added:: WatchInfo: /home/stanzu10/Dev/git/record/API/client/src/components/Header/node_modules 1 undefined Project: /dev/null/inferredProject1* watcher already invoked: false
[17:56:48.904] Elapsed:: 0.08561399951577187ms DirectoryWatcher:: Added:: WatchInfo: /home/stanzu10/Dev/git/record/API/client/src/components/Header/node_modules 1 undefined Project: /dev/null/inferredProject1* watcher already invoked: false
[17:56:48.904] Sending response:
    {"projectName":"/dev/null/inferredProject1*","typeAcquisition":{"enable":true,"include":[],"exclude":[]},"compilerOptions":{"module":1,"target":3,"jsx":1,"allowJs":true,"allowSyntheticDefaultImports":true,"allowNonTsExtensions":true,"noEmitForJsFiles":true,"maxNodeModuleJsDepth":2},"typings":[],"unresolvedImports":[],"kind":"action::set"}
[17:56:48.904] Response has been sent.
[17:56:48.904] No new typings were requested as a result of typings discovery
